Change Component Designator: Old Designator=C1 New Designator=C?
Change Component Designator: Old Designator=C2 New Designator=C?
Change Component Designator: Old Designator=C3 New Designator=C?
Change Component Designator: Old Designator=C4 New Designator=C?
Change Component Designator: Old Designator=C5 New Designator=C?
Change Component Designator: Old Designator=C6 New Designator=C?
Change Component Designator: Old Designator=C7 New Designator=C?
Change Component Designator: Old Designator=C8 New Designator=C?
Change Component Designator: Old Designator=C9 New Designator=C?
Change Component Designator: Old Designator=C10 New Designator=C?
Change Component Designator: Old Designator=C11 New Designator=C?
Change Component Designator: Old Designator=C12 New Designator=C?
Change Component Designator: Old Designator=C13 New Designator=C?
Change Component Designator: Old Designator=C14 New Designator=C?
Change Component Designator: Old Designator=C15 New Designator=C?
Change Component Designator: Old Designator=C16 New Designator=C?
Change Component Designator: Old Designator=C17 New Designator=C?
Change Component Designator: Old Designator=LCD1 New Designator=LCD?
Change Component Designator: Old Designator=Left1 New Designator=Left?
Change Component Designator: Old Designator=LeftMiddle1 New Designator=LeftMiddle?
Change Component Designator: Old Designator=LM1 New Designator=LM?
Change Component Designator: Old Designator=LM2 New Designator=LM?
Change Component Designator: Old Designator=LS1 New Designator=LS?
Change Component Designator: Old Designator=LT1 New Designator=LT?
Change Component Designator: Old Designator=LT1 New Designator=LT?
Change Component Designator: Old Designator=LTC1 New Designator=LTC?
Change Component Designator: Old Designator=Middle1 New Designator=Middle?
Change Component Designator: Old Designator=P1 New Designator=P?
Change Component Designator: Old Designator=P2 New Designator=P?
Change Component Designator: Old Designator=Pot1 New Designator=Pot?
Change Component Designator: Old Designator=Pot2 New Designator=Pot?
Change Component Designator: Old Designator=Pot3 New Designator=Pot?
Change Component Designator: Old Designator=Power1 New Designator=Power?
Change Component Designator: Old Designator=Programmer1 New Designator=Programmer?
Change Component Designator: Old Designator=R1 New Designator=R?
Change Component Designator: Old Designator=R2 New Designator=R?
Change Component Designator: Old Designator=R3 New Designator=R?
Change Component Designator: Old Designator=R4 New Designator=R?
Change Component Designator: Old Designator=R5 New Designator=R?
Change Component Designator: Old Designator=R6 New Designator=R?
Change Component Designator: Old Designator=R7 New Designator=R?
Change Component Designator: Old Designator=R8 New Designator=R?
Change Component Designator: Old Designator=R9 New Designator=R?
Change Component Designator: Old Designator=R10 New Designator=R?
Change Component Designator: Old Designator=R11 New Designator=R?
Change Component Designator: Old Designator=R12 New Designator=R?
Change Component Designator: Old Designator=R13 New Designator=R?
Change Component Designator: Old Designator=R14 New Designator=R?
Change Component Designator: Old Designator=R15 New Designator=R?
Change Component Designator: Old Designator=R16 New Designator=R?
Change Component Designator: Old Designator=Right1 New Designator=Right?
Change Component Designator: Old Designator=RightMiddle1 New Designator=RightMiddle?
Change Component Designator: Old Designator=SIP1 New Designator=SIP?
Change Component Designator: Old Designator=Switch1 New Designator=Switch?
Change Component Designator: Old Designator=Vin1 New Designator=Vin?
