Change Component Designator: Old Designator=C? New Designator=C1
Change Component Designator: Old Designator=C? New Designator=C2
Change Component Designator: Old Designator=C? New Designator=C3
Change Component Designator: Old Designator=C? New Designator=C4
Change Component Designator: Old Designator=C? New Designator=C5
Change Component Designator: Old Designator=C? New Designator=C6
Change Component Designator: Old Designator=C? New Designator=C7
Change Component Designator: Old Designator=C? New Designator=C8
Change Component Designator: Old Designator=C? New Designator=C9
Change Component Designator: Old Designator=C? New Designator=C10
Change Component Designator: Old Designator=C? New Designator=C11
Change Component Designator: Old Designator=C? New Designator=C12
Change Component Designator: Old Designator=C? New Designator=C13
Change Component Designator: Old Designator=C? New Designator=C14
Change Component Designator: Old Designator=C? New Designator=C15
Change Component Designator: Old Designator=C? New Designator=C16
Change Component Designator: Old Designator=LCD? New Designator=LCD1
Change Component Designator: Old Designator=Left? New Designator=Left1
Change Component Designator: Old Designator=LeftMiddle? New Designator=LeftMiddle1
Change Component Designator: Old Designator=LM? New Designator=LM1
Change Component Designator: Old Designator=LM? New Designator=LM2
Change Component Designator: Old Designator=LS? New Designator=LS1
Change Component Designator: Old Designator=LT? New Designator=LT1
Change Component Designator: Old Designator=LT? New Designator=LT1
Change Component Part ID : Designator=LT1 Old Part ID =1 New Part ID =2
Change Component Designator: Old Designator=LTC? New Designator=LTC1
Change Component Designator: Old Designator=Middle? New Designator=Middle1
Change Component Designator: Old Designator=P? New Designator=P1
Change Component Designator: Old Designator=P? New Designator=P2
Change Component Designator: Old Designator=Pot? New Designator=Pot1
Change Component Designator: Old Designator=Pot? New Designator=Pot2
Change Component Designator: Old Designator=Pot? New Designator=Pot3
Change Component Designator: Old Designator=Power? New Designator=Power1
Change Component Designator: Old Designator=Programmer? New Designator=Programmer1
Change Component Designator: Old Designator=R? New Designator=R1
Change Component Designator: Old Designator=R? New Designator=R2
Change Component Designator: Old Designator=R? New Designator=R3
Change Component Designator: Old Designator=R? New Designator=R4
Change Component Designator: Old Designator=R? New Designator=R5
Change Component Designator: Old Designator=R? New Designator=R6
Change Component Designator: Old Designator=R? New Designator=R7
Change Component Designator: Old Designator=R? New Designator=R8
Change Component Designator: Old Designator=R? New Designator=R9
Change Component Designator: Old Designator=R? New Designator=R10
Change Component Designator: Old Designator=R? New Designator=R11
Change Component Designator: Old Designator=R? New Designator=R12
Change Component Designator: Old Designator=R? New Designator=R13
Change Component Designator: Old Designator=R? New Designator=R14
Change Component Designator: Old Designator=R? New Designator=R15
Change Component Designator: Old Designator=R? New Designator=R16
Change Component Designator: Old Designator=Right? New Designator=Right1
Change Component Designator: Old Designator=RightMiddle? New Designator=RightMiddle1
Change Component Designator: Old Designator=SIP? New Designator=SIP1
Change Component Designator: Old Designator=Switch? New Designator=Switch1
Change Component Designator: Old Designator=Vin? New Designator=Vin1
