Removed Pin From Net: NetName=VDC Pin=C5-1
Removed Pin From Net: NetName=GND Pin=C5-2
Removed Pin From Net: NetName=2.5V Pin=C51-1
Removed Pin From Net: NetName=2.5V Pin=LT1632-3
Removed Pin From Net: NetName=5V Pin=R1-1
Removed Pin From Net: NetName=2.5V Pin=R1-2
Removed Pin From Net: NetName=GND Pin=R2-1
Removed Pin From Net: NetName=2.5V Pin=R2-2
Removed Pin From Net: NetName=NetLM741_3 Pin=R51-2
Removed Pin From Net: NetName=2.5V Pin=Vin1-2
Change Component DesignItemId : Designator=C5 Old DesignItemId=Cap Pol1 New DesignItemId=Cap
Change Component Footprint: Designator=C5 Old Footprint=CAPR5-4X5 New Footprint=RAD-0.1
Change Component Comment : Designator=C5 Old Comment=Cap Pol1 New Comment=Cap
Change Component Designator: OldDesignator=C1 NewDesignator=C12
Change Component Designator: OldDesignator=C2 NewDesignator=C13
Change Component Designator: OldDesignator=C6 NewDesignator=C15
Change Component Designator: OldDesignator=C7 NewDesignator=C16
Change Component Designator: OldDesignator=C8 NewDesignator=C17
Change Component Designator: OldDesignator=C9 NewDesignator=C1
Change Component Designator: OldDesignator=C10 NewDesignator=C2
Change Component Designator: OldDesignator=C11 NewDesignator=C3
Change Component Designator: OldDesignator=C12 NewDesignator=C6
Change Component Designator: OldDesignator=C14 NewDesignator=C7
Change Component Designator: OldDesignator=C18 NewDesignator=C9
Change Component Designator: OldDesignator=C19 NewDesignator=C10
Change Component Designator: OldDesignator=C20 NewDesignator=C11
Change Component Designator: OldDesignator=C51 NewDesignator=C8
Change Component Designator: OldDesignator=C52 NewDesignator=C4
Change Component Designator: OldDesignator=P1 NewDesignator=P3
Change Component Designator: OldDesignator=P2 NewDesignator=P1
Change Component Designator: OldDesignator=P3 NewDesignator=P2
Change Component Designator: OldDesignator=R3 NewDesignator=R1
Change Component Designator: OldDesignator=R4 NewDesignator=R2
Change Component Designator: OldDesignator=R5 NewDesignator=R8
Change Component Designator: OldDesignator=R6 NewDesignator=R9
Change Component Designator: OldDesignator=R7 NewDesignator=R3
Change Component Designator: OldDesignator=R8 NewDesignator=R5
Change Component Designator: OldDesignator=R9 NewDesignator=R6
Change Component Designator: OldDesignator=R12 NewDesignator=R4
Change Component Designator: OldDesignator=R13 NewDesignator=R7
Change Component Designator: OldDesignator=R14 NewDesignator=R12
Change Component Designator: OldDesignator=R15 NewDesignator=R14
Added Component: Designator=C14(CAPR5-4X5)
Added Component: Designator=R13(AXIAL-0.3)
Added Component: Designator=R15(AXIAL-0.3)
Added Pin To Net: NetName=NetLM741_3 Pin=C5-2
Added Pin To Net: NetName=VDC Pin=C14-1
Added Pin To Net: NetName=GND Pin=C14-2
Added Pin To Net: NetName=5V Pin=R13-1
Added Pin To Net: NetName=GND Pin=R15-1
Change Net Name : Old Net Name=2.5V New Net Name=NetLM741_2
Change Net Name : Old Net Name=NetC18_1 New Net Name=NetC9_1
Change Net Name : Old Net Name=NetC18_2 New Net Name=NetC9_2
Change Net Name : Old Net Name=NetC19_2 New Net Name=NetC10_2
Change Net Name : Old Net Name=NetC51_2 New Net Name=NetC8_2
Change Net Name : Old Net Name=NetLM741_3 New Net Name=NetC5_2
Change Net Name : Old Net Name=NetR15_1 New Net Name=NetR14_1
Added Pin To Net: NetName=NetC5_1 Pin=C5-1
Added Pin To Net: NetName=NetC5_1 Pin=LT1632-2
Added Pin To Net: NetName=NetC5_1 Pin=R9-2
Added Net: Name=NetC5_1
Added Pin To Net: NetName=NetC8_1 Pin=C8-1
Added Pin To Net: NetName=NetC8_1 Pin=LT1632-3
Added Pin To Net: NetName=NetC8_1 Pin=R13-2
Added Pin To Net: NetName=NetC8_1 Pin=R15-2
Added Net: Name=NetC8_1
Change Class Name : Old Net Name=VoltageSources New Net Name=guitar_tuner
Added Member To Class: ClassName=guitar_tuner Member=Component C3 Cap
Added Member To Class: ClassName=guitar_tuner Member=Component C4 Cap
Added Member To Class: ClassName=guitar_tuner Member=Component C9 Cap
Added Member To Class: ClassName=guitar_tuner Member=Component C10 Cap Pol1
Added Member To Class: ClassName=guitar_tuner Member=Component C11 Cap
Added Member To Class: ClassName=guitar_tuner Member=Component C12 Cap Pol1
Added Member To Class: ClassName=guitar_tuner Member=Component C13 Cap Pol1
Added Member To Class: ClassName=guitar_tuner Member=Component C14 Cap Pol1
Added Member To Class: ClassName=guitar_tuner Member=Component C15 Cap
Added Member To Class: ClassName=guitar_tuner Member=Component C16 Cap
Added Member To Class: ClassName=guitar_tuner Member=Component C17 Cap
Added Member To Class: ClassName=guitar_tuner Member=Component LCD1 Header 16
Added Member To Class: ClassName=guitar_tuner Member=Component Left1 LED1
Added Member To Class: ClassName=guitar_tuner Member=Component LeftMiddle1 LED1
Added Member To Class: ClassName=guitar_tuner Member=Component LM386 LM386N-1
Added Member To Class: ClassName=guitar_tuner Member=Component LM741 LM741CN
Added Member To Class: ClassName=guitar_tuner Member=Component LS1 Speaker
Added Member To Class: ClassName=guitar_tuner Member=Component LT1632 LF353P
Added Member To Class: ClassName=guitar_tuner Member=Component Middle1 LED1
Added Member To Class: ClassName=guitar_tuner Member=Component P2 Header 19
Added Member To Class: ClassName=guitar_tuner Member=Component P3 Power
Added Member To Class: ClassName=guitar_tuner Member=Component Programmer1 Header 7X2
Added Member To Class: ClassName=guitar_tuner Member=Component R3 Res1
Added Member To Class: ClassName=guitar_tuner Member=Component R4 Res1
Added Member To Class: ClassName=guitar_tuner Member=Component R5 Res1
Added Member To Class: ClassName=guitar_tuner Member=Component R6 Res1
Added Member To Class: ClassName=guitar_tuner Member=Component R7 Res1
Added Member To Class: ClassName=guitar_tuner Member=Component R8 Res1
Added Member To Class: ClassName=guitar_tuner Member=Component R9 Res1
Added Member To Class: ClassName=guitar_tuner Member=Component R10 Res1
Added Member To Class: ClassName=guitar_tuner Member=Component R11 Res1
Added Member To Class: ClassName=guitar_tuner Member=Component R12 Res1
Added Member To Class: ClassName=guitar_tuner Member=Component R13 Res1
Added Member To Class: ClassName=guitar_tuner Member=Component R14 Res1
Added Member To Class: ClassName=guitar_tuner Member=Component R15 Res1
Added Member To Class: ClassName=guitar_tuner Member=Component R16 Res1
Added Member To Class: ClassName=guitar_tuner Member=Component Right1 LED1
Added Member To Class: ClassName=guitar_tuner Member=Component RightMiddle1 LED1
Added Room: Name=guitar_tuner
